<?xml version="1.0" encoding="UTF-8"?>
<robot generator="Robot 3.1.1 (Python 3.7.2 on win32)" generated="20190307 19:07:15.898" rpa="false">
<suite id="s1" name="Dichvucong" source="E:\ROBOTFRAMEWORK\dichvucong">
<suite id="s1-s1" name="Test" source="E:\ROBOTFRAMEWORK\dichvucong\Test">
<suite id="s1-s1-s1" name="Testsuite1" source="E:\ROBOTFRAMEWORK\dichvucong\Test\Testsuite1.robot">
<test id="s1-s1-s1-t1" name="Open Browser To Login Page">
<kw name="Open Browser" library="SeleniumLibrary">
<doc>Opens a new browser instance to the given ``url``.</doc>
<arguments>
<arg>${LOGIN URL}</arg>
<arg>${BROWSER}</arg>
</arguments>
<msg timestamp="20190307 19:07:16.315" level="INFO">Opening browser 'Chrome' to base url 'https://www.google.com/'.</msg>
<status status="PASS" starttime="20190307 19:07:16.314" endtime="20190307 19:07:27.051"></status>
</kw>
<kw name="Maximize Browser Window" library="SeleniumLibrary">
<doc>Maximizes current browser window.</doc>
<status status="PASS" starttime="20190307 19:07:27.059" endtime="20190307 19:07:28.501"></status>
</kw>
<kw name="Set Browser Implicit Wait" library="SeleniumLibrary">
<doc>Sets the implicit wait value used by Selenium.</doc>
<arguments>
<arg>5</arg>
</arguments>
<status status="PASS" starttime="20190307 19:07:28.502" endtime="20190307 19:07:28.504"></status>
</kw>
<kw name="Input Text" library="SeleniumLibrary">
<doc>Types the given ``text`` into text field identified by ``locator``.</doc>
<arguments>
<arg>name=q</arg>
<arg>automation step by step</arg>
</arguments>
<msg timestamp="20190307 19:07:28.505" level="INFO">Typing text 'automation step by step' into text field 'name=q'.</msg>
<status status="PASS" starttime="20190307 19:07:28.505" endtime="20190307 19:07:28.831"></status>
</kw>
<kw name="Press Keys" library="SeleniumLibrary">
<doc>Simulates user pressing key(s) to an element or on the active browser.</doc>
<arguments>
<arg>name=q</arg>
<arg>ENTER</arg>
</arguments>
<msg timestamp="20190307 19:07:28.832" level="INFO">Sending key(s) ('ENTER',) to name=q element.</msg>
<msg timestamp="20190307 19:07:28.848" level="INFO">Pressing special key ENTER to element.</msg>
<status status="PASS" starttime="20190307 19:07:28.831" endtime="20190307 19:07:30.174"></status>
</kw>
<kw name="Sleep" library="BuiltIn">
<doc>Pauses the test executed for the given time.</doc>
<arguments>
<arg>2</arg>
</arguments>
<msg timestamp="20190307 19:07:32.177" level="INFO">Slept 2 seconds</msg>
<status status="PASS" starttime="20190307 19:07:30.176" endtime="20190307 19:07:32.178"></status>
</kw>
<kw name="Close Browser" library="SeleniumLibrary">
<doc>Closes the current browser.</doc>
<status status="PASS" starttime="20190307 19:07:32.186" endtime="20190307 19:07:35.006"></status>
</kw>
<kw name="Log" library="BuiltIn">
<doc>Logs the given message with the given level.</doc>
<arguments>
<arg>hoan thanh test case</arg>
</arguments>
<msg timestamp="20190307 19:07:35.010" level="INFO">hoan thanh test case</msg>
<status status="PASS" starttime="20190307 19:07:35.007" endtime="20190307 19:07:35.010"></status>
</kw>
<status status="PASS" starttime="20190307 19:07:16.312" endtime="20190307 19:07:35.011" critical="yes"></status>
</test>
<status status="PASS" starttime="20190307 19:07:16.016" endtime="20190307 19:07:35.015"></status>
</suite>
<status status="PASS" starttime="20190307 19:07:16.011" endtime="20190307 19:07:35.022"></status>
</suite>
<status status="PASS" starttime="20190307 19:07:15.955" endtime="20190307 19:07:35.027"></status>
</suite>
<statistics>
<total>
<stat pass="1" fail="0">Critical Tests</stat>
<stat pass="1" fail="0">All Tests</stat>
</total>
<tag>
</tag>
<suite>
<stat pass="1" fail="0" id="s1" name="Dichvucong">Dichvucong</stat>
<stat pass="1" fail="0" id="s1-s1" name="Test">Dichvucong.Test</stat>
<stat pass="1" fail="0" id="s1-s1-s1" name="Testsuite1">Dichvucong.Test.Testsuite1</stat>
</suite>
</statistics>
<errors>
</errors>
</robot>
